<?xml version="1.0" encoding="UTF-8"?>
<!-- Generated by org.testng.reporters.JUnitXMLReporter -->
<testsuite hostname="INMAA1-L1005" name="TestNgSeleniumChromeTest" tests="2" failures="0" timestamp="2 Mar 2015 17:28:08 GMT" time="8.533" errors="0">
  <testcase name="searchGoogle" time="4.593" classname="com.javacodegeeks.testng.selenium.TestNGSeleniumBrowserCfgExample"/>
  <testcase name="searchGoogle" time="1.415" classname="com.javacodegeeks.testng.selenium.TestNGSeleniumBrowserCfgExample"/>
</testsuite> <!-- TestNgSeleniumChromeTest -->
