<?xml version="1.0" encoding="UTF-8"?>
<testng-results ignored="0" total="1" passed="1" failed="0" skipped="0">
  <reporter-output>
  </reporter-output>
  <suite started-at="2019-08-01T11:48:16Z" name="Suite" finished-at="2019-08-01T11:48:45Z" duration-ms="29484">
    <groups>
    </groups>
    <test started-at="2019-08-01T11:48:16Z" name="Test" finished-at="2019-08-01T11:48:45Z" duration-ms="29484">
      <class name="com.github.automatedowl.examples.WebHostTest">
        <test-method is-config="true" signature="setTestConfiguration()[pri:0, instance:com.github.automatedowl.examples.WebHostTest@e27ba81]" started-at="2019-08-01T11:48:16Z" name="setTestConfiguration" finished-at="2019-08-01T11:48:36Z" duration-ms="19826" status="PASS">
          <reporter-output>
          </reporter-output>
        </test-method> <!-- setTestConfiguration -->
        <test-method signature="site88Test()[pri:0, instance:com.github.automatedowl.examples.WebHostTest@e27ba81]" started-at="2019-08-01T11:48:36Z" name="site88Test" finished-at="2019-08-01T11:48:44Z" duration-ms="8272" status="PASS">
          <reporter-output>
          </reporter-output>
        </test-method> <!-- site88Test -->
        <test-method is-config="true" signature="closeBrowser()[pri:0, instance:com.github.automatedowl.examples.WebHostTest@e27ba81]" started-at="2019-08-01T11:48:44Z" name="closeBrowser" finished-at="2019-08-01T11:48:45Z" duration-ms="732" status="PASS">
          <reporter-output>
          </reporter-output>
        </test-method> <!-- closeBrowser -->
      </class> <!-- com.github.automatedowl.examples.WebHostTest -->
    </test> <!-- Test -->
  </suite> <!-- Suite -->
</testng-results>
