<?xml version="1.0" encoding="UTF-8" ?>
<testsuite tests="4" failures="0" name="junitcucumber.UserTest" time="0.009" errors="0" skipped="0">
  <properties>
[...]
</properties>
  <testcase classname="Scenario: User is Passed" name="Given that the user Vinod is given a task to clear Java certification exam" time="0.006"/>
  <testcase classname="Scenario: User is Passed" name="When Vinod got 60 marks in exam" time="0"/>
  <testcase classname="Scenario: User is Passed" name="Then Vinod is known as Java certified" time="0.001"/>
  <testcase classname="Scenario: User is Passed" name="Scenario: User is Passed" time="0.002"/>
</testsuite>